<?xml version="1.0" encoding="UTF-8"?>
<testng-results ignored="0" total="3" passed="1" failed="2" skipped="0">
  <reporter-output>
  </reporter-output>
  <suite started-at="2022-09-09T12:21:50 WAT" name="Default suite" finished-at="2022-09-09T12:22:59 WAT" duration-ms="68219">
    <groups>
    </groups>
    <test started-at="2022-09-09T12:21:50 WAT" name="Default test" finished-at="2022-09-09T12:22:59 WAT" duration-ms="68219">
      <class name="taskPage.TestCase_002_3">
        <test-method is-config="true" signature="setup()[pri:0, instance:taskPage.TestCase_002_3@76908cc0]" started-at="2022-09-09T12:21:50 WAT" name="setup" finished-at="2022-09-09T12:22:11 WAT" duration-ms="20628" status="PASS">
          <reporter-output>
          </reporter-output>
        </test-method> <!-- setup -->
        <test-method signature="edithSalePipeline()[pri:0, instance:taskPage.TestCase_002_3@76908cc0]" started-at="2022-09-09T12:22:11 WAT" name="edithSalePipeline" finished-at="2022-09-09T12:22:41 WAT" duration-ms="30033" status="FAIL">
          <exception class="com.microsoft.playwright.TimeoutError">
            <message>
              <![CDATA[Error {
  message='Timeout 30000ms exceeded.
=========================== logs ===========================
waiting for selector "button:has-text("boost")"
============================================================
  name='TimeoutError
  stack='TimeoutError: Timeout 30000ms exceeded.
=========================== logs ===========================
waiting for selector "button:has-text("boost")"
============================================================
    at ProgressController.run (C:\Users\hp\AppData\Local\Temp\playwright-java-15725065022924524105\package\lib\server\progress.js:96:26)
    at Frame.click (C:\Users\hp\AppData\Local\Temp\playwright-java-15725065022924524105\package\lib\server\frames.js:1197:23)
    at FrameDispatcher.click (C:\Users\hp\AppData\Local\Temp\playwright-java-15725065022924524105\package\lib\server\dispatchers\frameDispatcher.js:173:30)
    at DispatcherConnection.dispatch (C:\Users\hp\AppData\Local\Temp\playwright-java-15725065022924524105\package\lib\server\dispatchers\dispatcher.js:397:46)
}]]>
            </message>
            <full-stacktrace>
              <![CDATA[com.microsoft.playwright.TimeoutError: Error {
  message='Timeout 30000ms exceeded.
=========================== logs ===========================
waiting for selector "button:has-text("boost")"
============================================================
  name='TimeoutError
  stack='TimeoutError: Timeout 30000ms exceeded.
=========================== logs ===========================
waiting for selector "button:has-text("boost")"
============================================================
    at ProgressController.run (C:\Users\hp\AppData\Local\Temp\playwright-java-15725065022924524105\package\lib\server\progress.js:96:26)
    at Frame.click (C:\Users\hp\AppData\Local\Temp\playwright-java-15725065022924524105\package\lib\server\frames.js:1197:23)
    at FrameDispatcher.click (C:\Users\hp\AppData\Local\Temp\playwright-java-15725065022924524105\package\lib\server\dispatchers\frameDispatcher.js:173:30)
    at DispatcherConnection.dispatch (C:\Users\hp\AppData\Local\Temp\playwright-java-15725065022924524105\package\lib\server\dispatchers\dispatcher.js:397:46)
}
at com.microsoft.playwright.impl.WaitableResult.get(WaitableResult.java:52)
at com.microsoft.playwright.impl.ChannelOwner.runUntil(ChannelOwner.java:109)
at com.microsoft.playwright.impl.Connection.sendMessage(Connection.java:108)
at com.microsoft.playwright.impl.ChannelOwner.sendMessage(ChannelOwner.java:100)
at com.microsoft.playwright.impl.FrameImpl.clickImpl(FrameImpl.java:255)
at com.microsoft.playwright.impl.PageImpl.lambda$click$17(PageImpl.java:626)
at com.microsoft.playwright.impl.LoggingSupport.lambda$withLogging$0(LoggingSupport.java:36)
at com.microsoft.playwright.impl.LoggingSupport.withLogging(LoggingSupport.java:47)
at com.microsoft.playwright.impl.ChannelOwner.withLogging(ChannelOwner.java:85)
at com.microsoft.playwright.impl.LoggingSupport.withLogging(LoggingSupport.java:35)
at com.microsoft.playwright.impl.PageImpl.click(PageImpl.java:625)
at com.microsoft.playwright.Page.click(Page.java:3370)
at PageObjects.OppotunityPage.salePipeline(OppotunityPage.java:59)
at taskPage.TestCase_002_3.edithSalePipeline(TestCase_002_3.java:52)
at java.base/jdk.internal.reflect.DirectMethodHandleAccessor.invoke(DirectMethodHandleAccessor.java:104)
at java.base/java.lang.reflect.Method.invoke(Method.java:577)
at org.testng.internal.MethodInvocationHelper.invokeMethod(MethodInvocationHelper.java:133)
at org.testng.internal.TestInvoker.invokeMethod(TestInvoker.java:598)
at org.testng.internal.TestInvoker.invokeTestMethod(TestInvoker.java:173)
at org.testng.internal.MethodRunner.runInSequence(MethodRunner.java:46)
at org.testng.internal.TestInvoker$MethodInvocationAgent.invoke(TestInvoker.java:824)
at org.testng.internal.TestInvoker.invokeTestMethods(TestInvoker.java:146)
at org.testng.internal.TestMethodWorker.invokeTestMethods(TestMethodWorker.java:146)
at org.testng.internal.TestMethodWorker.run(TestMethodWorker.java:128)
at java.base/java.util.ArrayList.forEach(ArrayList.java:1511)
at org.testng.TestRunner.privateRun(TestRunner.java:794)
at org.testng.TestRunner.run(TestRunner.java:596)
at org.testng.SuiteRunner.runTest(SuiteRunner.java:377)
at org.testng.SuiteRunner.runSequentially(SuiteRunner.java:371)
at org.testng.SuiteRunner.privateRun(SuiteRunner.java:332)
at org.testng.SuiteRunner.run(SuiteRunner.java:276)
at org.testng.SuiteRunnerWorker.runSuite(SuiteRunnerWorker.java:53)
at org.testng.SuiteRunnerWorker.run(SuiteRunnerWorker.java:96)
at org.testng.TestNG.runSuitesSequentially(TestNG.java:1212)
at org.testng.TestNG.runSuitesLocally(TestNG.java:1134)
at org.testng.TestNG.runSuites(TestNG.java:1063)
at org.testng.TestNG.run(TestNG.java:1031)
at org.testng.remote.AbstractRemoteTestNG.run(AbstractRemoteTestNG.java:115)
at org.testng.remote.RemoteTestNG.initAndRun(RemoteTestNG.java:251)
at org.testng.remote.RemoteTestNG.main(RemoteTestNG.java:77)
Caused by: com.microsoft.playwright.TimeoutError: Error {
  message='Timeout 30000ms exceeded.
=========================== logs ===========================
waiting for selector "button:has-text("boost")"
============================================================
  name='TimeoutError
  stack='TimeoutError: Timeout 30000ms exceeded.
=========================== logs ===========================
waiting for selector "button:has-text("boost")"
============================================================
    at ProgressController.run (C:\Users\hp\AppData\Local\Temp\playwright-java-15725065022924524105\package\lib\server\progress.js:96:26)
    at Frame.click (C:\Users\hp\AppData\Local\Temp\playwright-java-15725065022924524105\package\lib\server\frames.js:1197:23)
    at FrameDispatcher.click (C:\Users\hp\AppData\Local\Temp\playwright-java-15725065022924524105\package\lib\server\dispatchers\frameDispatcher.js:173:30)
    at DispatcherConnection.dispatch (C:\Users\hp\AppData\Local\Temp\playwright-java-15725065022924524105\package\lib\server\dispatchers\dispatcher.js:397:46)
}
at com.microsoft.playwright.impl.Connection.dispatch(Connection.java:188)
at com.microsoft.playwright.impl.Connection.processOneMessage(Connection.java:170)
at com.microsoft.playwright.impl.ChannelOwner.runUntil(ChannelOwner.java:107)
... 38 more
]]>
            </full-stacktrace>
          </exception> <!-- com.microsoft.playwright.TimeoutError -->
          <reporter-output>
          </reporter-output>
        </test-method> <!-- edithSalePipeline -->
        <test-method signature="LinkShouldRedirectToTaskPageTC0021()[pri:1, instance:taskPage.TestCase_002_3@76908cc0]" started-at="2022-09-09T12:22:41 WAT" name="LinkShouldRedirectToTaskPageTC0021" finished-at="2022-09-09T12:22:55 WAT" duration-ms="14266" status="FAIL">
          <exception class="java.lang.AssertionError">
            <message>
              <![CDATA[expected [text=boost Pipelin] but found [Sloovi Outreach]]]>
            </message>
            <full-stacktrace>
              <![CDATA[java.lang.AssertionError: expected [text=boost Pipelin] but found [Sloovi Outreach]
at org.testng.Assert.fail(Assert.java:99)
at org.testng.Assert.failNotEquals(Assert.java:1037)
at org.testng.Assert.assertEqualsImpl(Assert.java:140)
at org.testng.Assert.assertEquals(Assert.java:122)
at org.testng.Assert.assertEquals(Assert.java:629)
at org.testng.Assert.assertEquals(Assert.java:639)
at taskPage.TestCase_002_3.LinkShouldRedirectToTaskPageTC0021(TestCase_002_3.java:40)
at java.base/jdk.internal.reflect.DirectMethodHandleAccessor.invoke(DirectMethodHandleAccessor.java:104)
at java.base/java.lang.reflect.Method.invoke(Method.java:577)
at org.testng.internal.MethodInvocationHelper.invokeMethod(MethodInvocationHelper.java:133)
at org.testng.internal.TestInvoker.invokeMethod(TestInvoker.java:598)
at org.testng.internal.TestInvoker.invokeTestMethod(TestInvoker.java:173)
at org.testng.internal.MethodRunner.runInSequence(MethodRunner.java:46)
at org.testng.internal.TestInvoker$MethodInvocationAgent.invoke(TestInvoker.java:824)
at org.testng.internal.TestInvoker.invokeTestMethods(TestInvoker.java:146)
at org.testng.internal.TestMethodWorker.invokeTestMethods(TestMethodWorker.java:146)
at org.testng.internal.TestMethodWorker.run(TestMethodWorker.java:128)
at java.base/java.util.ArrayList.forEach(ArrayList.java:1511)
at org.testng.TestRunner.privateRun(TestRunner.java:794)
at org.testng.TestRunner.run(TestRunner.java:596)
at org.testng.SuiteRunner.runTest(SuiteRunner.java:377)
at org.testng.SuiteRunner.runSequentially(SuiteRunner.java:371)
at org.testng.SuiteRunner.privateRun(SuiteRunner.java:332)
at org.testng.SuiteRunner.run(SuiteRunner.java:276)
at org.testng.SuiteRunnerWorker.runSuite(SuiteRunnerWorker.java:53)
at org.testng.SuiteRunnerWorker.run(SuiteRunnerWorker.java:96)
at org.testng.TestNG.runSuitesSequentially(TestNG.java:1212)
at org.testng.TestNG.runSuitesLocally(TestNG.java:1134)
at org.testng.TestNG.runSuites(TestNG.java:1063)
at org.testng.TestNG.run(TestNG.java:1031)
at org.testng.remote.AbstractRemoteTestNG.run(AbstractRemoteTestNG.java:115)
at org.testng.remote.RemoteTestNG.initAndRun(RemoteTestNG.java:251)
at org.testng.remote.RemoteTestNG.main(RemoteTestNG.java:77)
]]>
            </full-stacktrace>
          </exception> <!-- java.lang.AssertionError -->
          <reporter-output>
          </reporter-output>
        </test-method> <!-- LinkShouldRedirectToTaskPageTC0021 -->
        <test-method signature="editAccountProfile()[pri:2, instance:taskPage.TestCase_002_3@76908cc0]" started-at="2022-09-09T12:22:55 WAT" name="editAccountProfile" finished-at="2022-09-09T12:22:59 WAT" duration-ms="3198" status="PASS">
          <reporter-output>
          </reporter-output>
        </test-method> <!-- editAccountProfile -->
      </class> <!-- taskPage.TestCase_002_3 -->
    </test> <!-- Default test -->
  </suite> <!-- Default suite -->
</testng-results>
